This is pdfTeX, Version 3.1415926-2.5-1.40.14 (TeX Live 2013/Debian) (format=pdflatex 2014.9.4)  19 DEC 2014 20:55
entering extended mode
 \write18 enabled.
 %&-line parsing enabled.
**report.tex
(./report.tex
LaTeX2e <2011/06/27>
Babel <3.9h> and hyphenation patterns for 2 languages loaded.
(/usr/share/texlive/texmf-dist/tex/latex/base/article.cls
Document Class: article 2007/10/19 v1.4h Standard LaTeX document class
(/usr/share/texlive/texmf-dist/tex/latex/base/size12.clo
File: size12.clo 2007/10/19 v1.4h Standard LaTeX file (size option)
)
\c@part=\count79
\c@section=\count80
\c@subsection=\count81
\c@subsubsection=\count82
\c@paragraph=\count83
\c@subparagraph=\count84
\c@figure=\count85
\c@table=\count86
\abovecaptionskip=\skip41
\belowcaptionskip=\skip42
\bibindent=\dimen102
)
(/usr/share/texlive/texmf-dist/tex/latex/geometry/geometry.sty
Package: geometry 2010/09/12 v5.6 Page Geometry

(/usr/share/texlive/texmf-dist/tex/latex/graphics/keyval.sty
Package: keyval 1999/03/16 v1.13 key=value parser (DPC)
\KV@toks@=\toks14
)
(/usr/share/texlive/texmf-dist/tex/generic/oberdiek/ifpdf.sty
Package: ifpdf 2011/01/30 v2.3 Provides the ifpdf switch (HO)
Package ifpdf Info: pdfTeX in PDF mode is detected.
)
(/usr/share/texlive/texmf-dist/tex/generic/oberdiek/ifvtex.sty
Package: ifvtex 2010/03/01 v1.5 Detect VTeX and its facilities (HO)
Package ifvtex Info: VTeX not detected.
)
(/usr/share/texlive/texmf-dist/tex/generic/ifxetex/ifxetex.sty
Package: ifxetex 2010/09/12 v0.6 Provides ifxetex conditional
)
\Gm@cnth=\count87
\Gm@cntv=\count88
\c@Gm@tempcnt=\count89
\Gm@bindingoffset=\dimen103
\Gm@wd@mp=\dimen104
\Gm@odd@mp=\dimen105
\Gm@even@mp=\dimen106
\Gm@layoutwidth=\dimen107
\Gm@layoutheight=\dimen108
\Gm@layouthoffset=\dimen109
\Gm@layoutvoffset=\dimen110
\Gm@dimlist=\toks15
)
(/usr/share/texlive/texmf-dist/tex/latex/appendix/appendix.sty
Package: appendix 2009/09/02 v1.2b extra appendix facilities
\c@@pps=\count90
\c@@ppsavesec=\count91
\c@@ppsaveapp=\count92
)
(/usr/share/texlive/texmf-dist/tex/latex/listings/listings.sty
\lst@mode=\count93
\lst@gtempboxa=\box26
\lst@token=\toks16
\lst@length=\count94
\lst@currlwidth=\dimen111
\lst@column=\count95
\lst@pos=\count96
\lst@lostspace=\dimen112
\lst@width=\dimen113
\lst@newlines=\count97
\lst@lineno=\count98
\lst@maxwidth=\dimen114

(/usr/share/texlive/texmf-dist/tex/latex/listings/lstmisc.sty
File: lstmisc.sty 2013/08/26 1.5b (Carsten Heinz)
\c@lstnumber=\count99
\lst@skipnumbers=\count100
\lst@framebox=\box27
)
(/usr/share/texlive/texmf-dist/tex/latex/listings/listings.cfg
File: listings.cfg 2013/08/26 1.5b listings configuration
))
Package: listings 2013/08/26 1.5b (Carsten Heinz)

(/usr/share/texlive/texmf-dist/tex/latex/tools/verbatim.sty
Package: verbatim 2003/08/22 v1.5q LaTeX2e package for verbatim enhancements
\every@verbatim=\toks17
\verbatim@line=\toks18
\verbatim@in@stream=\read1
)
(/usr/share/texlive/texmf-dist/tex/latex/minted/minted.sty
Package: minted 2011/09/17 v1.7 Yet another Pygments shim for LaTeX

(/usr/share/texlive/texmf-dist/tex/latex/fancyvrb/fancyvrb.sty
Package: fancyvrb 2008/02/07

Style option: `fancyvrb' v2.7a, with DG/SPQR fixes, and firstline=lastline fix 
<2008/02/07> (tvz)
\FV@CodeLineNo=\count101
\FV@InFile=\read2
\FV@TabBox=\box28
\c@FancyVerbLine=\count102
\FV@StepNumber=\count103
\FV@OutFile=\write3
) (/usr/share/texmf/tex/latex/xcolor/xcolor.sty
Package: xcolor 2007/01/21 v2.11 LaTeX color extensions (UK)

(/usr/share/texlive/texmf-dist/tex/latex/latexconfig/color.cfg
File: color.cfg 2007/01/18 v1.5 color configuration of teTeX/TeXLive
)
Package xcolor Info: Driver file: pdftex.def on input line 225.

(/usr/share/texlive/texmf-dist/tex/latex/pdftex-def/pdftex.def
File: pdftex.def 2011/05/27 v0.06d Graphics/color for pdfTeX

(/usr/share/texlive/texmf-dist/tex/generic/oberdiek/infwarerr.sty
Package: infwarerr 2010/04/08 v1.3 Providing info/warning/error messages (HO)
)
(/usr/share/texlive/texmf-dist/tex/generic/oberdiek/ltxcmds.sty
Package: ltxcmds 2011/11/09 v1.22 LaTeX kernel commands for general use (HO)
)
\Gread@gobject=\count104
)
Package xcolor Info: Model `cmy' substituted by `cmy0' on input line 1337.
Package xcolor Info: Model `hsb' substituted by `rgb' on input line 1341.
Package xcolor Info: Model `RGB' extended on input line 1353.
Package xcolor Info: Model `HTML' substituted by `rgb' on input line 1355.
Package xcolor Info: Model `Hsb' substituted by `hsb' on input line 1356.
Package xcolor Info: Model `tHsb' substituted by `hsb' on input line 1357.
Package xcolor Info: Model `HSB' substituted by `hsb' on input line 1358.
Package xcolor Info: Model `Gray' substituted by `gray' on input line 1359.
Package xcolor Info: Model `wave' substituted by `hsb' on input line 1360.
)
(/usr/share/texlive/texmf-dist/tex/latex/float/float.sty
Package: float 2001/11/08 v1.3d Float enhancements (AL)
\c@float@type=\count105
\float@exts=\toks19
\float@box=\box29
\@float@everytoks=\toks20
\@floatcapt=\box30
)
(/usr/share/texlive/texmf-dist/tex/latex/base/ifthen.sty
Package: ifthen 2001/05/26 v1.1c Standard LaTeX ifthen package (DPC)
)
(/usr/share/texlive/texmf-dist/tex/latex/tools/calc.sty
Package: calc 2007/08/22 v4.3 Infix arithmetic (KKT,FJ)
\calc@Acount=\count106
\calc@Bcount=\count107
\calc@Adimen=\dimen115
\calc@Bdimen=\dimen116
\calc@Askip=\skip43
\calc@Bskip=\skip44
LaTeX Info: Redefining \setlength on input line 76.
LaTeX Info: Redefining \addtolength on input line 77.
\calc@Ccount=\count108
\calc@Cskip=\skip45
)
(/usr/share/texlive/texmf-dist/tex/latex/ifplatform/ifplatform.sty
Package: ifplatform 2010/10/22 v0.4 Testing for the operating system

(/usr/share/texlive/texmf-dist/tex/generic/oberdiek/pdftexcmds.sty
Package: pdftexcmds 2011/11/29 v0.20 Utility functions of pdfTeX for LuaTeX (HO
)

(/usr/share/texlive/texmf-dist/tex/generic/oberdiek/ifluatex.sty
Package: ifluatex 2010/03/01 v1.3 Provides the ifluatex switch (HO)
Package ifluatex Info: LuaTeX not detected.
)
Package pdftexcmds Info: LuaTeX not detected.
Package pdftexcmds Info: \pdf@primitive is available.
Package pdftexcmds Info: \pdf@ifprimitive is available.
Package pdftexcmds Info: \pdfdraftmode found.
)
(/usr/share/texlive/texmf-dist/tex/generic/oberdiek/catchfile.sty
Package: catchfile 2011/03/01 v1.6 Catch the contents of a file (HO)

(/usr/share/texlive/texmf-dist/tex/generic/oberdiek/etexcmds.sty
Package: etexcmds 2011/02/16 v1.5 Avoid name clashes with e-TeX commands (HO)
Package etexcmds Info: Could not find \expanded.
(etexcmds)             That can mean that you are not using pdfTeX 1.50 or
(etexcmds)             that some package has redefined \expanded.
(etexcmds)             In the latter case, load this package earlier.
))
runsystem(uname -s > "report.w18")...executed.


(./report.w18)
runsystem(rm -- "report.w18")...executed.

)
\minted@bgbox=\box31
\minted@code=\write4
\@float@every@listing=\toks21
\c@listing=\count109
)
runsystem(which pygmentize && touch report.aex)...executed.

runsystem(rm report.aex)...executed.

 (/usr/share/texlive/texmf-dist/tex/latex/graphics/graphicx.sty
Package: graphicx 1999/02/16 v1.0f Enhanced LaTeX Graphics (DPC,SPQR)
(/usr/share/texlive/texmf-dist/tex/latex/graphics/graphics.sty
Package: graphics 2009/02/05 v1.0o Standard LaTeX Graphics (DPC,SPQR)

(/usr/share/texlive/texmf-dist/tex/latex/graphics/trig.sty
Package: trig 1999/03/16 v1.09 sin cos tan (DPC)
)
(/usr/share/texlive/texmf-dist/tex/latex/latexconfig/graphics.cfg
File: graphics.cfg 2010/04/23 v1.9 graphics configuration of TeX Live
)
Package graphics Info: Driver file: pdftex.def on input line 91.
)
\Gin@req@height=\dimen117
\Gin@req@width=\dimen118
)
(/usr/share/texlive/texmf-dist/tex/latex/pdfpages/pdfpages.sty
Package: pdfpages 2013/08/25 v0.4v Insert pages of external PDF documents (AM)

(/usr/share/texlive/texmf-dist/tex/latex/eso-pic/eso-pic.sty
Package: eso-pic 2013/10/06 v2.0d eso-pic (RN)

(/usr/share/texlive/texmf-dist/tex/generic/oberdiek/atbegshi.sty
Package: atbegshi 2011/10/05 v1.16 At begin shipout hook (HO)
))
(/usr/share/texlive/texmf-dist/tex/latex/pdfpages/pppdftex.def
File: pppdftex.def 2013/08/25 v0.4v Pdfpages driver for pdfTeX (AM)
)
\AM@pagebox=\box32
\AM@toc@title=\toks22
\c@AM@survey=\count110
\AM@templatesizebox=\box33
)
(/usr/share/texlive/texmf-dist/tex/latex/hyperref/hyperref.sty
Package: hyperref 2012/11/06 v6.83m Hypertext links for LaTeX

(/usr/share/texlive/texmf-dist/tex/generic/oberdiek/hobsub-hyperref.sty
Package: hobsub-hyperref 2012/05/28 v1.13 Bundle oberdiek, subset hyperref (HO)


(/usr/share/texlive/texmf-dist/tex/generic/oberdiek/hobsub-generic.sty
Package: hobsub-generic 2012/05/28 v1.13 Bundle oberdiek, subset generic (HO)
Package: hobsub 2012/05/28 v1.13 Construct package bundles (HO)
Package hobsub Info: Skipping package `infwarerr' (already loaded).
Package hobsub Info: Skipping package `ltxcmds' (already loaded).
Package hobsub Info: Skipping package `ifluatex' (already loaded).
Package hobsub Info: Skipping package `ifvtex' (already loaded).
Package: intcalc 2007/09/27 v1.1 Expandable calculations with integers (HO)
Package hobsub Info: Skipping package `ifpdf' (already loaded).
Package hobsub Info: Skipping package `etexcmds' (already loaded).
Package: kvsetkeys 2012/04/25 v1.16 Key value parser (HO)
Package: kvdefinekeys 2011/04/07 v1.3 Define keys (HO)
Package hobsub Info: Skipping package `pdftexcmds' (already loaded).
Package: pdfescape 2011/11/25 v1.13 Implements pdfTeX's escape features (HO)
Package: bigintcalc 2012/04/08 v1.3 Expandable calculations on big integers (HO
)
Package: bitset 2011/01/30 v1.1 Handle bit-vector datatype (HO)
Package: uniquecounter 2011/01/30 v1.2 Provide unlimited unique counter (HO)
)
Package hobsub Info: Skipping package `hobsub' (already loaded).
Package: letltxmacro 2010/09/02 v1.4 Let assignment for LaTeX macros (HO)
Package: hopatch 2012/05/28 v1.2 Wrapper for package hooks (HO)
Package: xcolor-patch 2011/01/30 xcolor patch
Package: atveryend 2011/06/30 v1.8 Hooks at the very end of document (HO)
Package atveryend Info: \enddocument detected (standard20110627).
Package hobsub Info: Skipping package `atbegshi' (already loaded).
Package: refcount 2011/10/16 v3.4 Data extraction from label references (HO)
Package: hycolor 2011/01/30 v1.7 Color options for hyperref/bookmark (HO)
)
(/usr/share/texlive/texmf-dist/tex/latex/oberdiek/auxhook.sty
Package: auxhook 2011/03/04 v1.3 Hooks for auxiliary files (HO)
)
(/usr/share/texlive/texmf-dist/tex/latex/oberdiek/kvoptions.sty
Package: kvoptions 2011/06/30 v3.11 Key value format for package options (HO)
)
\@linkdim=\dimen119
\Hy@linkcounter=\count111
\Hy@pagecounter=\count112

(/usr/share/texlive/texmf-dist/tex/latex/hyperref/pd1enc.def
File: pd1enc.def 2012/11/06 v6.83m Hyperref: PDFDocEncoding definition (HO)
)
\Hy@SavedSpaceFactor=\count113

(/usr/share/texlive/texmf-dist/tex/latex/latexconfig/hyperref.cfg
File: hyperref.cfg 2002/06/06 v1.2 hyperref configuration of TeXLive
)
Package hyperref Info: Hyper figures OFF on input line 4443.
Package hyperref Info: Link nesting OFF on input line 4448.
Package hyperref Info: Hyper index ON on input line 4451.
Package hyperref Info: Plain pages OFF on input line 4458.
Package hyperref Info: Backreferencing OFF on input line 4463.
Package hyperref Info: Implicit mode ON; LaTeX internals redefined.
Package hyperref Info: Bookmarks ON on input line 4688.
\c@Hy@tempcnt=\count114

(/usr/share/texlive/texmf-dist/tex/latex/url/url.sty
\Urlmuskip=\muskip10
Package: url 2013/09/16  ver 3.4  Verb mode for urls, etc.
)
LaTeX Info: Redefining \url on input line 5041.
\XeTeXLinkMargin=\dimen120
\Fld@menulength=\count115
\Field@Width=\dimen121
\Fld@charsize=\dimen122
Package hyperref Info: Hyper figures OFF on input line 6295.
Package hyperref Info: Link nesting OFF on input line 6300.
Package hyperref Info: Hyper index ON on input line 6303.
Package hyperref Info: backreferencing OFF on input line 6310.
Package hyperref Info: Link coloring OFF on input line 6315.
Package hyperref Info: Link coloring with OCG OFF on input line 6320.
Package hyperref Info: PDF/A mode OFF on input line 6325.
LaTeX Info: Redefining \ref on input line 6365.
LaTeX Info: Redefining \pageref on input line 6369.
\Hy@abspage=\count116
\c@Item=\count117
\c@Hfootnote=\count118
)

Package hyperref Message: Driver (autodetected): hpdftex.

(/usr/share/texlive/texmf-dist/tex/latex/hyperref/hpdftex.def
File: hpdftex.def 2012/11/06 v6.83m Hyperref driver for pdfTeX
\Fld@listcount=\count119
\c@bookmark@seq@number=\count120

(/usr/share/texlive/texmf-dist/tex/latex/oberdiek/rerunfilecheck.sty
Package: rerunfilecheck 2011/04/15 v1.7 Rerun checks for auxiliary files (HO)
Package uniquecounter Info: New unique counter `rerunfilecheck' on input line 2
82.
)
\Hy@SectionHShift=\skip46
)
(./report.aux)
\openout1 = `report.aux'.

LaTeX Font Info:    Checking defaults for OML/cmm/m/it on input line 16.
LaTeX Font Info:    ... okay on input line 16.
LaTeX Font Info:    Checking defaults for T1/cmr/m/n on input line 16.
LaTeX Font Info:    ... okay on input line 16.
LaTeX Font Info:    Checking defaults for OT1/cmr/m/n on input line 16.
LaTeX Font Info:    ... okay on input line 16.
LaTeX Font Info:    Checking defaults for OMS/cmsy/m/n on input line 16.
LaTeX Font Info:    ... okay on input line 16.
LaTeX Font Info:    Checking defaults for OMX/cmex/m/n on input line 16.
LaTeX Font Info:    ... okay on input line 16.
LaTeX Font Info:    Checking defaults for U/cmr/m/n on input line 16.
LaTeX Font Info:    ... okay on input line 16.
LaTeX Font Info:    Checking defaults for PD1/pdf/m/n on input line 16.
LaTeX Font Info:    ... okay on input line 16.

*geometry* driver: auto-detecting
*geometry* detected driver: pdftex
*geometry* verbose mode - [ preamble ] result:
* driver: pdftex
* paper: letterpaper
* layout: <same size as paper>
* layoutoffset:(h,v)=(0.0pt,0.0pt)
* bindingoffset: 14.22636pt
* modes: 
* h-part:(L,W,R)=(56.9055pt, 486.25763pt, 56.9055pt)
* v-part:(T,H,B)=(71.13188pt, 652.70622pt, 71.13188pt)
* \paperwidth=614.295pt
* \paperheight=794.96999pt
* \textwidth=486.25763pt
* \textheight=652.70622pt
* \oddsidemargin=-1.13812pt
* \evensidemargin=-15.36449pt
* \topmargin=-38.1381pt
* \headheight=12.0pt
* \headsep=25.0pt
* \topskip=12.0pt
* \footskip=30.0pt
* \marginparwidth=44.0pt
* \marginparsep=10.0pt
* \columnsep=10.0pt
* \skip\footins=10.8pt plus 4.0pt minus 2.0pt
* \hoffset=0.0pt
* \voffset=0.0pt
* \mag=1000
* \@twocolumnfalse
* \@twosidefalse
* \@mparswitchfalse
* \@reversemarginfalse
* (1in=72.27pt=25.4mm, 1cm=28.453pt)

\c@lstlisting=\count121
(/usr/share/texlive/texmf-dist/tex/context/base/supp-pdf.mkii
[Loading MPS to PDF converter (version 2006.09.02).]
\scratchcounter=\count122
\scratchdimen=\dimen123
\scratchbox=\box34
\nofMPsegments=\count123
\nofMParguments=\count124
\everyMPshowfont=\toks23
\MPscratchCnt=\count125
\MPscratchDim=\dimen124
\MPnumerator=\count126
\makeMPintoPDFobject=\count127
\everyMPtoPDFconversion=\toks24
)
runsystem(pygmentize -S default -f latex > report.pyg)...executed.

 (./report.pyg)
(/usr/share/texlive/texmf-dist/tex/latex/oberdiek/epstopdf-base.sty
Package: epstopdf-base 2010/02/09 v2.5 Base part for package epstopdf

(/usr/share/texlive/texmf-dist/tex/latex/oberdiek/grfext.sty
Package: grfext 2010/08/19 v1.1 Manage graphics extensions (HO)
)
Package grfext Info: Graphics extension search list:
(grfext)             [.png,.pdf,.jpg,.mps,.jpeg,.jbig2,.jb2,.PNG,.PDF,.JPG,.JPE
G,.JBIG2,.JB2,.eps]
(grfext)             \AppendGraphicsExtensions on input line 452.

(/usr/share/texlive/texmf-dist/tex/latex/latexconfig/epstopdf-sys.cfg
File: epstopdf-sys.cfg 2010/07/13 v1.3 Configuration of (r)epstopdf for TeX Liv
e
))
\AtBeginShipoutBox=\box35
Package hyperref Info: Link coloring OFF on input line 16.

(/usr/share/texlive/texmf-dist/tex/latex/hyperref/nameref.sty
Package: nameref 2012/10/27 v2.43 Cross-referencing by name of section

(/usr/share/texlive/texmf-dist/tex/generic/oberdiek/gettitlestring.sty
Package: gettitlestring 2010/12/03 v1.4 Cleanup title references (HO)
)
\c@section@level=\count128
)
LaTeX Info: Redefining \ref on input line 16.
LaTeX Info: Redefining \pageref on input line 16.
LaTeX Info: Redefining \nameref on input line 16.

(./report.out) (./report.out)
\@outlinefile=\write5
\openout5 = `report.out'.

LaTeX Font Info:    External font `cmex10' loaded for size
(Font)              <14.4> on input line 18.
LaTeX Font Info:    External font `cmex10' loaded for size
(Font)              <7> on input line 18.
 [1

{/var/lib/texmf/fonts/map/pdftex/updmap/pdftex.map}] (./report.toc
LaTeX Font Info:    External font `cmex10' loaded for size
(Font)              <12> on input line 4.
LaTeX Font Info:    External font `cmex10' loaded for size
(Font)              <8> on input line 4.
LaTeX Font Info:    External font `cmex10' loaded for size
(Font)              <6> on input line 4.
 [2

] [3] [4])
\tf@toc=\write6
\openout6 = `report.toc'.

 [5]
Missing character: There is no ‚ in font cmr12!
Missing character: There is no Ä in font cmr12!
Missing character: There is no ô in font cmr12!
Missing character: There is no ‚ in font cmr12!
Missing character: There is no Ä in font cmr12!
Missing character: There is no ô in font cmr12!
 [6

]
Missing character: There is no ‚ in font cmr12!
Missing character: There is no Ä in font cmr12!
Missing character: There is no ô in font cmr12!
Missing character: There is no ‚ in font cmr12!
Missing character: There is no Ä in font cmr12!
Missing character: There is no ô in font cmr12!
Missing character: There is no ‚ in font cmr12!
Missing character: There is no Ä in font cmr12!
Missing character: There is no ô in font cmr12!
Missing character: There is no ‚ in font cmr12!
Missing character: There is no Ä in font cmr12!
Missing character: There is no ô in font cmr12!
Missing character: There is no ‚ in font cmr12!
Missing character: There is no Ä in font cmr12!
Missing character: There is no ô in font cmr12!
Missing character: There is no ‚ in font cmr12!
Missing character: There is no Ä in font cmr12!
Missing character: There is no ô in font cmr12!
Missing character: There is no ‚ in font cmr12!
Missing character: There is no Ä in font cmr12!
Missing character: There is no ú in font cmr12!
Missing character: There is no ‚ in font cmr12!
Missing character: There is no Ä in font cmr12!
Missing character: There is no ù in font cmr12!
 [7] [8]
Missing character: There is no ‚ in font cmr12!
Missing character: There is no Ä in font cmr12!
Missing character: There is no ò in font cmr12!
Missing character: There is no ‚ in font cmr12!
Missing character: There is no Ä in font cmr12!
Missing character: There is no ô in font cmr12!
Missing character: There is no ‚ in font cmr12!
Missing character: There is no Ä in font cmr12!
Missing character: There is no ò in font cmr12!
Missing character: There is no ‚ in font cmr12!
Missing character: There is no Ä in font cmr12!
Missing character: There is no ô in font cmr12!
Missing character: There is no ‚ in font cmr12!
Missing character: There is no Ä in font cmr12!
Missing character: There is no ô in font cmr12!
Missing character: There is no ‚ in font cmr12!
Missing character: There is no Ä in font cmr12!
Missing character: There is no ô in font cmr12!
Missing character: There is no ‚ in font cmr12!
Missing character: There is no Ä in font cmr12!
Missing character: There is no ô in font cmr12!
Missing character: There is no ‚ in font cmr12!
Missing character: There is no Ä in font cmr12!
Missing character: There is no ô in font cmr12!
 [9]
Missing character: There is no ‚ in font cmr12!
Missing character: There is no Ä in font cmr12!
Missing character: There is no ô in font cmr12!
 [10]
Missing character: There is no ‚ in font cmr12!
Missing character: There is no Ä in font cmr12!
Missing character: There is no ô in font cmr12!
 [11] [12]
Overfull \hbox (91.01765pt too wide) in paragraph at lines 116--120
[]$\OT1/cmtt/m/n/12 http : / / webcloud . info / blog / 2014 / 04 / 07 / emberj
s-[]authentication-[]the-[]right-[]way-[]javascript-[]version/$[] 
 []

runsystem(pygmentize -l ruby -f latex -F tokenmerge             -P "verboptions
= " -o report.out.pyg ../Gemfile)...executed.

(./report.out.pyg [13

]
LaTeX Font Info:    Font shape `OT1/cmtt/bx/n' in size <12> not available
(Font)              Font shape `OT1/cmtt/m/n' tried instead on input line 53.
 [14])
runsystem(rm report.out.pyg)...executed.

runsystem(pygmentize -l ruby -f latex -F tokenmerge             -P "verboptions
= " -o report.out.pyg ../app/controllers/application_controller.rb)...executed.

 (./report.out.pyg)
runsystem(rm report.out.pyg)...executed.

runsystem(pygmentize -l ruby -f latex -F tokenmerge             -P "verboptions
= " -o report.out.pyg ../app/controllers/api/v2/frequency_periods_controller.rb
)...executed.

 (./report.out.pyg [15])
runsystem(rm report.out.pyg)...executed.

runsystem(pygmentize -l ruby -f latex -F tokenmerge             -P "verboptions
= " -o report.out.pyg ../app/controllers/api/v2/posts_controller.rb)...executed
.


(./report.out.pyg [16])
runsystem(rm report.out.pyg)...executed.

runsystem(pygmentize -l ruby -f latex -F tokenmerge             -P "verboptions
= " -o report.out.pyg ../app/controllers/api/v2/records_controller.rb)...execut
ed.

 (./report.out.pyg [17] [18])
runsystem(rm report.out.pyg)...executed.

runsystem(pygmentize -l ruby -f latex -F tokenmerge             -P "verboptions
= " -o report.out.pyg ../app/controllers/api/v2/sensors_controller.rb)...execut
ed.

 (./report.out.pyg [19]
[20])
runsystem(rm report.out.pyg)...executed.

runsystem(pygmentize -l ruby -f latex -F tokenmerge             -P "verboptions
= " -o report.out.pyg ../app/controllers/api/v2/tags_controller.rb)...executed.

 (./report.out.pyg [21])
runsystem(rm report.out.pyg)...executed.

runsystem(pygmentize -l ruby -f latex -F tokenmerge             -P "verboptions
= " -o report.out.pyg ../app/controllers/api/v2/transmitters_controller.rb)...e
xecuted.

 (./report.out.pyg [22])
runsystem(rm report.out.pyg)...executed.

runsystem(pygmentize -l ruby -f latex -F tokenmerge             -P "verboptions
= " -o report.out.pyg ../app/controllers/api/v2/users_controller.rb)...executed
.

 (./report.out.pyg
[23])
runsystem(rm report.out.pyg)...executed.

runsystem(pygmentize -l ruby -f latex -F tokenmerge             -P "verboptions
= " -o report.out.pyg ../app/cnstraints/api_constraint.rb)...executed.

 (./report.out.pyg)
runsystem(rm report.out.pyg)...executed.

runsystem(pygmentize -l ruby -f latex -F tokenmerge             -P "verboptions
= " -o report.out.pyg ../app/mailers/record_mailer.rb)...executed.

 (./report.out.pyg [24])
runsystem(rm report.out.pyg)...executed.

runsystem(pygmentize -l ruby -f latex -F tokenmerge             -P "verboptions
= " -o report.out.pyg ../app/models/clockwork_database_event.rb)...executed.

 (./report.out.pyg)
runsystem(rm report.out.pyg)...executed.

runsystem(pygmentize -l ruby -f latex -F tokenmerge             -P "verboptions
= " -o report.out.pyg ../app/models/frequency_period.rb)...executed.


(./report.out.pyg [25])
runsystem(rm report.out.pyg)...executed.

runsystem(pygmentize -l ruby -f latex -F tokenmerge             -P "verboptions
= " -o report.out.pyg ../app/models/pin_number.rb)...executed.

 (./report.out.pyg)
runsystem(rm report.out.pyg)...executed.

runsystem(pygmentize -l ruby -f latex -F tokenmerge             -P "verboptions
= " -o report.out.pyg ../app/models/post.rb)...executed.

 (./report.out.pyg)
runsystem(rm report.out.pyg)...executed.

runsystem(pygmentize -l ruby -f latex -F tokenmerge             -P "verboptions
= " -o report.out.pyg ../app/models/record.rb)...executed.

 (./report.out.pyg)
runsystem(rm report.out.pyg)...executed.

runsystem(pygmentize -l ruby -f latex -F tokenmerge             -P "verboptions
= " -o report.out.pyg ../app/models/sensor.rb)...executed.

 (./report.out.pyg)
runsystem(rm report.out.pyg)...executed.

runsystem(pygmentize -l ruby -f latex -F tokenmerge             -P "verboptions
= " -o report.out.pyg ../app/models/tag.rb)...executed.

 (./report.out.pyg)
runsystem(rm report.out.pyg)...executed.

runsystem(pygmentize -l ruby -f latex -F tokenmerge             -P "verboptions
= " -o report.out.pyg ../app/models/transmitter.rb)...executed.

 (./report.out.pyg [26])
runsystem(rm report.out.pyg)...executed.

runsystem(pygmentize -l ruby -f latex -F tokenmerge             -P "verboptions
= " -o report.out.pyg ../app/models/user.rb)...executed.


(./report.out.pyg)
runsystem(rm report.out.pyg)...executed.

runsystem(pygmentize -l ruby -f latex -F tokenmerge             -P "verboptions
= " -o report.out.pyg ../app/serializers/clockwork_database_event_serializer.rb
)...executed.

 (./report.out.pyg [27])
runsystem(rm report.out.pyg)...executed.

runsystem(pygmentize -l ruby -f latex -F tokenmerge             -P "verboptions
= " -o report.out.pyg ../app/serializers/frequency_period_serializer.rb)...exec
uted.

 (./report.out.pyg)
runsystem(rm report.out.pyg)...executed.

runsystem(pygmentize -l ruby -f latex -F tokenmerge             -P "verboptions
= " -o report.out.pyg ../app/serializers/pin_number_serializer.rb)...executed.

 (./report.out.pyg)
runsystem(rm report.out.pyg)...executed.

runsystem(pygmentize -l ruby -f latex -F tokenmerge             -P "verboptions
= " -o report.out.pyg ../app/serializers/post_serializer.rb)...executed.

 (./report.out.pyg)
runsystem(rm report.out.pyg)...executed.

runsystem(pygmentize -l ruby -f latex -F tokenmerge             -P "verboptions
= " -o report.out.pyg ../app/serializers/record_serializer.rb)...executed.

 (./report.out.pyg)
runsystem(rm report.out.pyg)...executed.

runsystem(pygmentize -l ruby -f latex -F tokenmerge             -P "verboptions
= " -o report.out.pyg ../app/serializers/sensor_serializer.rb)...executed.

 (./report.out.pyg)
runsystem(rm report.out.pyg)...executed.

runsystem(pygmentize -l ruby -f latex -F tokenmerge             -P "verboptions
= " -o report.out.pyg ../app/serializers/tag_serializer.rb)...executed.

 (./report.out.pyg)
runsystem(rm report.out.pyg)...executed.

runsystem(pygmentize -l ruby -f latex -F tokenmerge             -P "verboptions
= " -o report.out.pyg ../app/serializers/transmitter_serializer.rb)...executed.


(./report.out.pyg [28])
runsystem(rm report.out.pyg)...executed.

runsystem(pygmentize -l ruby -f latex -F tokenmerge             -P "verboptions
= " -o report.out.pyg ../app/serializers/user_serializer.rb)...executed.

 (./report.out.pyg)
runsystem(rm report.out.pyg)...executed.

runsystem(pygmentize -l ruby -f latex -F tokenmerge             -P "verboptions
= " -o report.out.pyg ../config/routes.rb)...executed.

 (./report.out.pyg [29])
runsystem(rm report.out.pyg)...executed.

runsystem(pygmentize -l ruby -f latex -F tokenmerge             -P "verboptions
= " -o report.out.pyg ../config/routes.rb)...executed.


(./report.out.pyg)
runsystem(rm report.out.pyg)...executed.

runsystem(pygmentize -l ruby -f latex -F tokenmerge             -P "verboptions
= " -o report.out.pyg ../config/environment.rb)...executed.

 (./report.out.pyg [30])
runsystem(rm report.out.pyg)...executed.

runsystem(pygmentize -l ruby -f latex -F tokenmerge             -P "verboptions
= " -o report.out.pyg ../db/schema.rb)...executed.

 (./report.out.pyg [31] [32])
runsystem(rm report.out.pyg)...executed.

runsystem(pygmentize -l ruby -f latex -F tokenmerge             -P "verboptions
= " -o report.out.pyg ../db/seeds.rb)...executed.


(./report.out.pyg [33] [34])
runsystem(rm report.out.pyg)...executed.

runsystem(pygmentize -l ruby -f latex -F tokenmerge             -P "verboptions
= " -o report.out.pyg ../app/assets/javascripts/application.js.coffee)...execut
ed.

 (./report.out.pyg [35])
runsystem(rm report.out.pyg)...executed.

runsystem(pygmentize -l ruby -f latex -F tokenmerge             -P "verboptions
= " -o report.out.pyg ../app/assets/javascripts/components/bootstrap-switch-led
.js.coffee)...executed.

 (./report.out.pyg [36])
runsystem(rm report.out.pyg)...executed.

runsystem(pygmentize -l ruby -f latex -F tokenmerge             -P "verboptions
= " -o report.out.pyg ../app/assets/javascripts/components/line-time-series-cha
rt.js.coffee)...executed.


(./report.out.pyg [37])
runsystem(rm report.out.pyg)...executed.

runsystem(pygmentize -l ruby -f latex -F tokenmerge             -P "verboptions
= " -o report.out.pyg ../app/assets/javascripts/components/live-time-series-cha
rt.js.coffee)...executed.

 (./report.out.pyg [38] [39])
runsystem(rm report.out.pyg)...executed.

runsystem(pygmentize -l ruby -f latex -F tokenmerge             -P "verboptions
= " -o report.out.pyg ../app/assets/javascripts/controllers/application.js.coff
ee)...executed.

 (./report.out.pyg)
runsystem(rm report.out.pyg)...executed.

runsystem(pygmentize -l ruby -f latex -F tokenmerge             -P "verboptions
= " -o report.out.pyg ../app/assets/javascripts/controllers/home.js.coffee)...e
xecuted.


(./report.out.pyg [40])
runsystem(rm report.out.pyg)...executed.

runsystem(pygmentize -l ruby -f latex -F tokenmerge             -P "verboptions
= " -o report.out.pyg ../app/assets/javascripts/controllers/login.js.coffee)...
executed.

 (./report.out.pyg [41])
runsystem(rm report.out.pyg)...executed.

runsystem(pygmentize -l ruby -f latex -F tokenmerge             -P "verboptions
= " -o report.out.pyg ../app/assets/javascripts/controllers/posts.js.coffee)...
executed.

 (./report.out.pyg [42] [43])
runsystem(rm report.out.pyg)...executed.

runsystem(pygmentize -l ruby -f latex -F tokenmerge             -P "verboptions
= " -o report.out.pyg ../app/assets/javascripts/controllers/posts_new.js.coffee
)...executed.


(./report.out.pyg)
runsystem(rm report.out.pyg)...executed.

runsystem(pygmentize -l ruby -f latex -F tokenmerge             -P "verboptions
= " -o report.out.pyg ../app/assets/javascripts/controllers/posts_post_edit.js.
coffee)...executed.

 (./report.out.pyg [44])
runsystem(rm report.out.pyg)...executed.

runsystem(pygmentize -l ruby -f latex -F tokenmerge             -P "verboptions
= " -o report.out.pyg ../app/assets/javascripts/controllers/posts_post.js.coffe
e)...executed.

 (./report.out.pyg)
runsystem(rm report.out.pyg)...executed.

runsystem(pygmentize -l ruby -f latex -F tokenmerge             -P "verboptions
= " -o report.out.pyg ../app/assets/javascripts/controllers/sensors.js.coffee).
..executed.

 (./report.out.pyg)
runsystem(rm report.out.pyg)...executed.

runsystem(pygmentize -l ruby -f latex -F tokenmerge             -P "verboptions
= " -o report.out.pyg ../app/assets/javascripts/controllers/sensors_new.js.coff
ee)...executed.

 (./report.out.pyg [45])
runsystem(rm report.out.pyg)...executed.

runsystem(pygmentize -l ruby -f latex -F tokenmerge             -P "verboptions
= " -o report.out.pyg ../app/assets/javascripts/controllers/sensors_sensor.js.c
offee)...executed.

 (./report.out.pyg [46] [47])
runsystem(rm report.out.pyg)...executed.

runsystem(pygmentize -l ruby -f latex -F tokenmerge             -P "verboptions
= " -o report.out.pyg ../app/assets/javascripts/controllers/signup.js.coffee)..
.executed.

 (./report.out.pyg
[48])
runsystem(rm report.out.pyg)...executed.

runsystem(pygmentize -l ruby -f latex -F tokenmerge             -P "verboptions
= " -o report.out.pyg ../app/assets/javascripts/controllers/socket.js.coffee)..
.executed.

 (./report.out.pyg)
runsystem(rm report.out.pyg)...executed.

runsystem(pygmentize -l ruby -f latex -F tokenmerge             -P "verboptions
= " -o report.out.pyg ../app/assets/javascripts/controllers/transmitters.js.cof
fee)...executed.

 (./report.out.pyg [49])
runsystem(rm report.out.pyg)...executed.

runsystem(pygmentize -l ruby -f latex -F tokenmerge             -P "verboptions
= " -o report.out.pyg ../app/assets/javascripts/controllers/transmitters_new.js
.coffee)...executed.

 (./report.out.pyg)
runsystem(rm report.out.pyg)...executed.

runsystem(pygmentize -l ruby -f latex -F tokenmerge             -P "verboptions
= " -o report.out.pyg ../app/assets/javascripts/controllers/transmitters_transm
itter.js.coffee)...executed.


(./report.out.pyg [50])
runsystem(rm report.out.pyg)...executed.

runsystem(pygmentize -l ruby -f latex -F tokenmerge             -P "verboptions
= " -o report.out.pyg ../app/assets/javascripts/controllers/user.js.coffee)...e
xecuted.

 (./report.out.pyg)
runsystem(rm report.out.pyg)...executed.

runsystem(pygmentize -l ruby -f latex -F tokenmerge             -P "verboptions
= " -o report.out.pyg ../app/assets/javascripts/controllers/user_live.js.coffee
)...executed.

 (./report.out.pyg)
runsystem(rm report.out.pyg)...executed.

runsystem(pygmentize -l ruby -f latex -F tokenmerge             -P "verboptions
= " -o report.out.pyg ../app/assets/javascripts/controllers/user_live_transmitt
ers.js.coffee)...executed.

 (./report.out.pyg)
runsystem(rm report.out.pyg)...executed.

runsystem(pygmentize -l ruby -f latex -F tokenmerge             -P "verboptions
= " -o report.out.pyg ../app/assets/javascripts/controllers/users.js.coffee)...
executed.

 (./report.out.pyg)
runsystem(rm report.out.pyg)...executed.

runsystem(pygmentize -l ruby -f latex -F tokenmerge             -P "verboptions
= " -o report.out.pyg ../app/assets/javascripts/controllers/users_new.js.coffee
)...executed.

 (./report.out.pyg [51])
runsystem(rm report.out.pyg)...executed.

runsystem(pygmentize -l ruby -f latex -F tokenmerge             -P "verboptions
= " -o report.out.pyg ../app/assets/javascripts/helpers/format_date.js.coffee).
..executed.

 (./report.out.pyg)
runsystem(rm report.out.pyg)...executed.

runsystem(pygmentize -l ruby -f latex -F tokenmerge             -P "verboptions
= " -o report.out.pyg ../app/assets/javascripts/helpers/get_element.js.coffee).
..executed.


(./report.out.pyg)
runsystem(rm report.out.pyg)...executed.

runsystem(pygmentize -l ruby -f latex -F tokenmerge             -P "verboptions
= " -o report.out.pyg ../app/assets/javascripts/helpers/markdown.js.coffee)...e
xecuted.

 (./report.out.pyg)
runsystem(rm report.out.pyg)...executed.

runsystem(pygmentize -l ruby -f latex -F tokenmerge             -P "verboptions
= " -o report.out.pyg ../app/assets/javascripts/helpers/sensor_name.js.coffee).
..executed.

 (./report.out.pyg [52])
runsystem(rm report.out.pyg)...executed.

runsystem(pygmentize -l ruby -f latex -F tokenmerge             -P "verboptions
= " -o report.out.pyg ../app/assets/javascripts/models/clockwork_database_event
.js.coffee)...executed.

 (./report.out.pyg)
runsystem(rm report.out.pyg)...executed.

runsystem(pygmentize -l ruby -f latex -F tokenmerge             -P "verboptions
= " -o report.out.pyg ../app/assets/javascripts/models/frequency_period.js.coff
ee)...executed.

 (./report.out.pyg)
runsystem(rm report.out.pyg)...executed.

runsystem(pygmentize -l ruby -f latex -F tokenmerge             -P "verboptions
= " -o report.out.pyg ../app/assets/javascripts/models/pin_number.js.coffee)...
executed.

 (./report.out.pyg)
runsystem(rm report.out.pyg)...executed.

runsystem(pygmentize -l ruby -f latex -F tokenmerge             -P "verboptions
= " -o report.out.pyg ../app/assets/javascripts/models/post.js.coffee)...execut
ed.

 (./report.out.pyg)
runsystem(rm report.out.pyg)...executed.

runsystem(pygmentize -l ruby -f latex -F tokenmerge             -P "verboptions
= " -o report.out.pyg ../app/assets/javascripts/models/record.js.coffee)...exec
uted.

 (./report.out.pyg)
runsystem(rm report.out.pyg)...executed.

runsystem(pygmentize -l ruby -f latex -F tokenmerge             -P "verboptions
= " -o report.out.pyg ../app/assets/javascripts/models/sensor.js.coffee)...exec
uted.


(./report.out.pyg [53])
runsystem(rm report.out.pyg)...executed.

runsystem(pygmentize -l ruby -f latex -F tokenmerge             -P "verboptions
= " -o report.out.pyg ../app/assets/javascripts/models/tag.js.coffee)...execute
d.

 (./report.out.pyg)
runsystem(rm report.out.pyg)...executed.

runsystem(pygmentize -l ruby -f latex -F tokenmerge             -P "verboptions
= " -o report.out.pyg ../app/assets/javascripts/models/transmitter.js.coffee)..
.executed.

 (./report.out.pyg)
runsystem(rm report.out.pyg)...executed.

runsystem(pygmentize -l ruby -f latex -F tokenmerge             -P "verboptions
= " -o report.out.pyg ../app/assets/javascripts/models/user.js.coffee)...execut
ed.

 (./report.out.pyg)
runsystem(rm report.out.pyg)...executed.

runsystem(pygmentize -l ruby -f latex -F tokenmerge             -P "verboptions
= " -o report.out.pyg ../app/assets/javascripts/router.js.coffee)...executed.

 (./report.out.pyg [54])
runsystem(rm report.out.pyg)...executed.

runsystem(pygmentize -l ruby -f latex -F tokenmerge             -P "verboptions
= " -o report.out.pyg ../app/assets/javascripts/routes/application.js.coffee)..
.executed.

 (./report.out.pyg)
runsystem(rm report.out.pyg)...executed.

runsystem(pygmentize -l ruby -f latex -F tokenmerge             -P "verboptions
= " -o report.out.pyg ../app/assets/javascripts/routes/posts_new.js.coffee)...e
xecuted.

 (./report.out.pyg)
runsystem(rm report.out.pyg)...executed.

runsystem(pygmentize -l ruby -f latex -F tokenmerge             -P "verboptions
= " -o report.out.pyg ../app/assets/javascripts/routes/transmitters_transmitter
.js.coffee)...executed.


(./report.out.pyg [55])
runsystem(rm report.out.pyg)...executed.

runsystem(pygmentize -l ruby -f latex -F tokenmerge             -P "verboptions
= " -o report.out.pyg ../app/assets/javascripts/routes/authenticated.js.coffee)
...executed.

 (./report.out.pyg)
runsystem(rm report.out.pyg)...executed.

runsystem(pygmentize -l ruby -f latex -F tokenmerge             -P "verboptions
= " -o report.out.pyg ../app/assets/javascripts/routes/posts_post_edit.js.coffe
e)...executed.

 (./report.out.pyg)
runsystem(rm report.out.pyg)...executed.

runsystem(pygmentize -l ruby -f latex -F tokenmerge             -P "verboptions
= " -o report.out.pyg ../app/assets/javascripts/routes/user.js.coffee)...execut
ed.

 (./report.out.pyg [56])
runsystem(rm report.out.pyg)...executed.

runsystem(pygmentize -l ruby -f latex -F tokenmerge             -P "verboptions
= " -o report.out.pyg ../app/assets/javascripts/routes/home.js.coffee)...execut
ed.

 (./report.out.pyg)
runsystem(rm report.out.pyg)...executed.

runsystem(pygmentize -l ruby -f latex -F tokenmerge             -P "verboptions
= " -o report.out.pyg ../app/assets/javascripts/routes/sensors.js.coffee)...exe
cuted.

 (./report.out.pyg)
runsystem(rm report.out.pyg)...executed.

runsystem(pygmentize -l ruby -f latex -F tokenmerge             -P "verboptions
= " -o report.out.pyg ../app/assets/javascripts/routes/user_live.js.coffee)...e
xecuted.

 (./report.out.pyg)
runsystem(rm report.out.pyg)...executed.

runsystem(pygmentize -l ruby -f latex -F tokenmerge             -P "verboptions
= " -o report.out.pyg ../app/assets/javascripts/routes/login.js.coffee)...execu
ted.


(./report.out.pyg [57])
runsystem(rm report.out.pyg)...executed.

runsystem(pygmentize -l ruby -f latex -F tokenmerge             -P "verboptions
= " -o report.out.pyg ../app/assets/javascripts/routes/sensors_sensor.js.coffee
)...executed.

 (./report.out.pyg)
runsystem(rm report.out.pyg)...executed.

runsystem(pygmentize -l ruby -f latex -F tokenmerge             -P "verboptions
= " -o report.out.pyg ../app/assets/javascripts/routes/users.js.coffee)...execu
ted.

 (./report.out.pyg)
runsystem(rm report.out.pyg)...executed.

runsystem(pygmentize -l ruby -f latex -F tokenmerge             -P "verboptions
= " -o report.out.pyg ../app/assets/javascripts/routes/posts.js.coffee)...execu
ted.

 (./report.out.pyg)
runsystem(rm report.out.pyg)...executed.

runsystem(pygmentize -l ruby -f latex -F tokenmerge             -P "verboptions
= " -o report.out.pyg ../app/assets/javascripts/routes/transmitters.js.coffee).
..executed.

 (./report.out.pyg)
runsystem(rm report.out.pyg)...executed.

runsystem(pygmentize -l ruby -f latex -F tokenmerge             -P "verboptions
= " -o report.out.pyg ../app/assets/javascripts/store.js.coffee)...executed.

 (./report.out.pyg [58] [59])
runsystem(rm report.out.pyg)...executed.

runsystem(pygmentize -l ruby -f latex -F tokenmerge             -P "verboptions
= " -o report.out.pyg ../app/assets/javascripts/templates/application.js.emblem
)...executed.

 (./report.out.pyg [60])
runsystem(rm report.out.pyg)...executed.

runsystem(pygmentize -l ruby -f latex -F tokenmerge             -P "verboptions
= " -o report.out.pyg ../app/assets/javascripts/templates/home.js.emblem)...exe
cuted.


(./report.out.pyg)
runsystem(rm report.out.pyg)...executed.

runsystem(pygmentize -l ruby -f latex -F tokenmerge             -P "verboptions
= " -o report.out.pyg ../app/assets/javascripts/templates/posts.js.emblem)...ex
ecuted.

 (./report.out.pyg)
runsystem(rm report.out.pyg)...executed.

runsystem(pygmentize -l ruby -f latex -F tokenmerge             -P "verboptions
= " -o report.out.pyg ../app/assets/javascripts/templates/blog.js.emblem)...exe
cuted.

 (./report.out.pyg [61])
runsystem(rm report.out.pyg)...executed.

runsystem(pygmentize -l ruby -f latex -F tokenmerge             -P "verboptions
= " -o report.out.pyg ../app/assets/javascripts/templates/components/bootstrap-
switch-led.js.emblem)...executed.

 (./report.out.pyg)
runsystem(rm report.out.pyg)...executed.

runsystem(pygmentize -l ruby -f latex -F tokenmerge             -P "verboptions
= " -o report.out.pyg ../app/assets/javascripts/templates/components/line-time-
series-chart.js.emblem)...executed.

 (./report.out.pyg)
runsystem(rm report.out.pyg)...executed.

runsystem(pygmentize -l ruby -f latex -F tokenmerge             -P "verboptions
= " -o report.out.pyg ../app/assets/javascripts/templates/components/live-time-
series-chart.js.emblem)...executed.

 (./report.out.pyg)
runsystem(rm report.out.pyg)...executed.

runsystem(pygmentize -l ruby -f latex -F tokenmerge             -P "verboptions
= " -o report.out.pyg ../app/assets/javascripts/templates/loading.js.emblem)...
executed.

 (./report.out.pyg)
runsystem(rm report.out.pyg)...executed.

runsystem(pygmentize -l ruby -f latex -F tokenmerge             -P "verboptions
= " -o report.out.pyg ../app/assets/javascripts/templates/transmitters.js.emble
m)...executed.

 (./report.out.pyg
[62])
runsystem(rm report.out.pyg)...executed.

runsystem(pygmentize -l ruby -f latex -F tokenmerge             -P "verboptions
= " -o report.out.pyg ../app/assets/javascripts/templates/users.js.emblem)...ex
ecuted.

 (./report.out.pyg)
runsystem(rm report.out.pyg)...executed.

runsystem(pygmentize -l ruby -f latex -F tokenmerge             -P "verboptions
= " -o report.out.pyg ../app/assets/javascripts/templates/login.js.emblem)...ex
ecuted.

 (./report.out.pyg)
runsystem(rm report.out.pyg)...executed.

runsystem(pygmentize -l ruby -f latex -F tokenmerge             -P "verboptions
= " -o report.out.pyg ../app/assets/javascripts/templates/sensors.js.emblem)...
executed.

 (./report.out.pyg)
runsystem(rm report.out.pyg)...executed.

runsystem(pygmentize -l ruby -f latex -F tokenmerge             -P "verboptions
= " -o report.out.pyg ../app/assets/javascripts/templates/help.js.emblem)...exe
cuted.


(./report.out.pyg [63])
runsystem(rm report.out.pyg)...executed.

runsystem(pygmentize -l ruby -f latex -F tokenmerge             -P "verboptions
= " -o report.out.pyg ../app/assets/javascripts/templates/signup.js.emblem)...e
xecuted.

 (./report.out.pyg)
runsystem(rm report.out.pyg)...executed.

runsystem(pygmentize -l ruby -f latex -F tokenmerge             -P "verboptions
= " -o report.out.pyg ../app/assets/javascripts/templates/user.js.emblem)...exe
cuted.

 (./report.out.pyg)
runsystem(rm report.out.pyg)...executed.

runsystem(pygmentize -l ruby -f latex -F tokenmerge             -P "verboptions
= " -o report.out.pyg ../app/assets/javascripts/templates/posts/post.js.emblem)
...executed.

 (./report.out.pyg [64])
runsystem(rm report.out.pyg)...executed.

runsystem(pygmentize -l ruby -f latex -F tokenmerge             -P "verboptions
= " -o report.out.pyg ../app/assets/javascripts/templates/posts/new.js.emblem).
..executed.

 (./report.out.pyg)
runsystem(rm report.out.pyg)...executed.

runsystem(pygmentize -l ruby -f latex -F tokenmerge             -P "verboptions
= " -o report.out.pyg ../app/assets/javascripts/templates/posts/post/edit.js.em
blem)...executed.

 (./report.out.pyg)
runsystem(rm report.out.pyg)...executed.

runsystem(pygmentize -l ruby -f latex -F tokenmerge             -P "verboptions
= " -o report.out.pyg ../app/assets/javascripts/templates/sensors/new.js.emblem
)...executed.

 (./report.out.pyg [65])
runsystem(rm report.out.pyg)...executed.

runsystem(pygmentize -l ruby -f latex -F tokenmerge             -P "verboptions
= " -o report.out.pyg ../app/assets/javascripts/templates/sensors/sensor.js.emb
lem)...executed.


(./report.out.pyg [66])
runsystem(rm report.out.pyg)...executed.

runsystem(pygmentize -l ruby -f latex -F tokenmerge             -P "verboptions
= " -o report.out.pyg ../app/assets/javascripts/templates/transmitters/new.js.e
mblem)...executed.

 (./report.out.pyg)
runsystem(rm report.out.pyg)...executed.

runsystem(pygmentize -l ruby -f latex -F tokenmerge             -P "verboptions
= " -o report.out.pyg ../app/assets/javascripts/templates/transmitters/transmit
ter.js.emblem)...executed.

 (./report.out.pyg [67])
runsystem(rm report.out.pyg)...executed.

runsystem(pygmentize -l ruby -f latex -F tokenmerge             -P "verboptions
= " -o report.out.pyg ../app/assets/javascripts/templates/user/live.js.emblem).
..executed.


(./report.out.pyg [68])
runsystem(rm report.out.pyg)...executed.

runsystem(pygmentize -l ruby -f latex -F tokenmerge             -P "verboptions
= " -o report.out.pyg ../app/assets/javascripts/templates/user/sensors.js.emble
m)...executed.

 (./report.out.pyg)
runsystem(rm report.out.pyg)...executed.

runsystem(pygmentize -l ruby -f latex -F tokenmerge             -P "verboptions
= " -o report.out.pyg ../app/assets/javascripts/templates/users/new.js.emblem).
..executed.

 (./report.out.pyg)
runsystem(rm report.out.pyg)...executed.

runsystem(pygmentize -l ruby -f latex -F tokenmerge             -P "verboptions
= " -o report.out.pyg ../app/assets/javascripts/templates/views/bootstrap-switc
h.js.emblem)...executed.

 (./report.out.pyg)
runsystem(rm report.out.pyg)...executed.

runsystem(pygmentize -l ruby -f latex -F tokenmerge             -P "verboptions
= " -o report.out.pyg ../app/assets/javascripts/views/bootstrap_switch.js.coffe
e)...executed.

 (./report.out.pyg [69])
runsystem(rm report.out.pyg)...executed.

runsystem(pygmentize -l c -f latex -F tokenmerge             -P "verboptions= "
 -o report.out.pyg ../../lifesense-pcb-software/lifesense/lifesense.ino)...exec
uted.

 (./report.out.pyg [70] [71] [72] [73] [74] [75]
[76])
runsystem(rm report.out.pyg)...executed.

runsystem(pygmentize -l ruby -f latex -F tokenmerge             -P "verboptions
= " -o report.out.pyg ../../lifesense-node/src/server.coffee)...executed.

 (./report.out.pyg [77])
runsystem(rm report.out.pyg)...executed.

 [78]
<schematic.png, id=1035, 963.6pt x 1360.08125pt>
File: schematic.png Graphic file (type png)
 <use schematic.png>
Package pdftex.def Info: schematic.png used on input line 401.
(pdftex.def)             Requested size: 389.00758pt x 549.06589pt.
 [79 <./schematic.png>] <front.png, id=1042, 716.6775pt x 743.77875pt>
File: front.png Graphic file (type png)
 <use front.png>
Package pdftex.def Info: front.png used on input line 409.
(pdftex.def)             Requested size: 437.62889pt x 454.18105pt.

[80 <./front.png>] <back.png, id=1048, 713.66624pt x 740.7675pt>
File: back.png Graphic file (type png)

<use back.png>
Package pdftex.def Info: back.png used on input line 417.
(pdftex.def)             Requested size: 437.62889pt x 454.25249pt.
 [81 <./back.png>] <poster.png, id=1055, 2601.72pt x 2601.72pt>
File: poster.png Graphic file (type png)

<use poster.png>
Package pdftex.def Info: poster.png used on input line 425.
(pdftex.def)             Requested size: 437.62889pt x 437.60207pt.
 <BOM.pdf, id=1057, 614.295pt x 794.97pt>
File: BOM.pdf Graphic file (type pdf)
 <use BOM.pdf>
Package pdftex.def Info: BOM.pdf used on input line 430.
(pdftex.def)             Requested size: 614.29349pt x 794.96806pt.
File: BOM.pdf Graphic file (type pdf)

<use BOM.pdf>
Package pdftex.def Info: BOM.pdf used on input line 430.
(pdftex.def)             Requested size: 614.29349pt x 794.96806pt.
File: BOM.pdf Graphic file (type pdf)
 <use BOM.pdf>
Package pdftex.def Info: BOM.pdf used on input line 430.
(pdftex.def)             Requested size: 614.29349pt x 794.96806pt.
File: BOM.pdf Graphic file (type pdf)
 <use BOM.pdf>
Package pdftex.def Info: BOM.pdf used on input line 430.
(pdftex.def)             Requested size: 614.29349pt x 794.96806pt.
 [82 <./poster.png>]
<BOM.pdf, id=1068, page=1, 614.295pt x 794.97pt>
File: BOM.pdf Graphic file (type pdf)
 <use BOM.pdf, page 1>
Package pdftex.def Info: BOM.pdf, page1 used on input line 430.
(pdftex.def)             Requested size: 614.29349pt x 794.96806pt.
File: BOM.pdf Graphic file (type pdf)

<use BOM.pdf, page 1>
Package pdftex.def Info: BOM.pdf, page1 used on input line 430.
(pdftex.def)             Requested size: 614.58406pt x 795.3441pt.
File: BOM.pdf Graphic file (type pdf)
 <use BOM.pdf, page 1>
Package pdftex.def Info: BOM.pdf, page1 used on input line 430.
(pdftex.def)             Requested size: 614.58406pt x 795.3441pt.
File: BOM.pdf Graphic file (type pdf)
 <use BOM.pdf, page 1>
Package pdftex.def Info: BOM.pdf, page1 used on input line 430.
(pdftex.def)             Requested size: 614.58406pt x 795.3441pt.
File: BOM.pdf Graphic file (type pdf)

<use BOM.pdf, page 1>
Package pdftex.def Info: BOM.pdf, page1 used on input line 430.
(pdftex.def)             Requested size: 614.58406pt x 795.3441pt.
 [83 <./BOM.pdf>]
<BOM.pdf, id=1091, page=2, 614.295pt x 794.97pt>
File: BOM.pdf Graphic file (type pdf)
 <use BOM.pdf, page 2>
Package pdftex.def Info: BOM.pdf, page2 used on input line 430.
(pdftex.def)             Requested size: 614.58406pt x 795.3441pt.
File: BOM.pdf Graphic file (type pdf)

<use BOM.pdf, page 2>
Package pdftex.def Info: BOM.pdf, page2 used on input line 430.
(pdftex.def)             Requested size: 614.58406pt x 795.3441pt.
File: BOM.pdf Graphic file (type pdf)
 <use BOM.pdf, page 2>
Package pdftex.def Info: BOM.pdf, page2 used on input line 430.
(pdftex.def)             Requested size: 614.58406pt x 795.3441pt.
 [84 <./BOM.pdf>]
<BOM.pdf, id=1097, page=3, 614.295pt x 794.97pt>
File: BOM.pdf Graphic file (type pdf)
 <use BOM.pdf, page 3>
Package pdftex.def Info: BOM.pdf, page3 used on input line 430.
(pdftex.def)             Requested size: 614.58406pt x 795.3441pt.
File: BOM.pdf Graphic file (type pdf)

<use BOM.pdf, page 3>
Package pdftex.def Info: BOM.pdf, page3 used on input line 430.
(pdftex.def)             Requested size: 614.58406pt x 795.3441pt.
File: BOM.pdf Graphic file (type pdf)
 <use BOM.pdf, page 3>
Package pdftex.def Info: BOM.pdf, page3 used on input line 430.
(pdftex.def)             Requested size: 614.58406pt x 795.3441pt.
 [85 <./BOM.pdf>]
Package atveryend Info: Empty hook `BeforeClearDocument' on input line 434.
Package atveryend Info: Empty hook `AfterLastShipout' on input line 434.
 (./report.aux)
Package atveryend Info: Executing hook `AtVeryEndDocument' on input line 434.
Package atveryend Info: Executing hook `AtEndAfterFileList' on input line 434.
Package rerunfilecheck Info: File `report.out' has not changed.
(rerunfilecheck)             Checksum: DBE8595F49FC22FC73D26535A1FC2CF7;11607.
Package atveryend Info: Empty hook `AtVeryVeryEnd' on input line 434.
 ) 
Here is how much of TeX's memory you used:
 9273 strings out of 495028
 137342 string characters out of 6181498
 235186 words of memory out of 5000000
 11907 multiletter control sequences out of 15000+600000
 9751 words of font info for 35 fonts, out of 8000000 for 9000
 14 hyphenation exceptions out of 8191
 41i,18n,46p,3090b,471s stack positions out of 5000i,500n,10000p,200000b,80000s
</usr/share/texlive/texmf-dist/fonts/type1/public/amsfonts/cm/cmbx12.pfb></us
r/share/texlive/texmf-dist/fonts/type1/public/amsfonts/cm/cmitt10.pfb></usr/sha
re/texlive/texmf-dist/fonts/type1/public/amsfonts/cm/cmr12.pfb></usr/share/texl
ive/texmf-dist/fonts/type1/public/amsfonts/cm/cmtt12.pfb>
Output written on report.pdf (85 pages, 3951532 bytes).
PDF statistics:
 1175 PDF objects out of 1200 (max. 8388607)
 1053 compressed objects within 11 object streams
 229 named destinations out of 1000 (max. 500000)
 1165 words of extra memory for PDF output out of 10000 (max. 10000000)

